<?xml version="1.0" encoding="UTF-8"?>
<!-- Generated by org.testng.reporters.JUnitReportReporter -->
<testsuite skipped="0" hostname="BRIDT-1764" name="Main" tests="2" failures="0" timestamp="2019-09-30T14:08:46 IST" time="0.015" errors="0">
  <testcase name="multiply_twoNumbers" time="0.001" classname="Main"/>
  <testcase name="add_TwoPlusTwo_ReturnFour" time="0.014" classname="Main"/>
</testsuite> <!-- Main -->
